2015-10-01 10:13:30 Access: {"user_id":"unauthorized","locate":"Users#visitor_login","get":{"plugin":null,"controller":"Users","action":"visitor_login","named":[],"pass":[],"prefix":"visitor"},"post":[]}
2015-10-01 10:13:30 Access: {"user_id":"unauthorized","locate":"CakeError#app","get":{"plugin":null,"controller":"js","action":"app","named":[],"pass":["users","visitor_login.js"]},"post":[]}
2015-10-01 10:13:30 Access: {"user_id":"unauthorized","locate":"CakeError#","get":{"plugin":null,"controller":null,"action":null,"named":[],"pass":[]},"post":[]}
2015-10-01 10:13:30 Access: {"user_id":"unauthorized","locate":"Users#visitor_login","get":{"plugin":null,"controller":"Users","action":"visitor_login","named":[],"pass":[],"prefix":"visitor"},"post":[]}
2015-10-01 10:13:51 Access: {"user_id":"unauthorized","locate":"Users#visitor_login","get":{"plugin":null,"controller":"Users","action":"visitor_login","named":[],"pass":[],"prefix":"visitor"},"post":[]}
2015-10-01 10:13:52 Access: {"user_id":"unauthorized","locate":"CakeError#app","get":{"plugin":null,"controller":"js","action":"app","named":[],"pass":["users","visitor_login.js"]},"post":[]}
2015-10-01 10:13:52 Access: {"user_id":"unauthorized","locate":"CakeError#","get":{"plugin":null,"controller":null,"action":null,"named":[],"pass":[]},"post":[]}
2015-10-01 10:13:52 Access: {"user_id":"unauthorized","locate":"Users#visitor_login","get":{"plugin":null,"controller":"Users","action":"visitor_login","named":[],"pass":[],"prefix":"visitor"},"post":[]}
2015-10-01 10:14:08 Access: {"user_id":"unauthorized","locate":"Users#visitor_login","get":{"plugin":null,"controller":"Users","action":"visitor_login","named":[],"pass":[],"prefix":"visitor"},"post":[]}
2015-10-01 10:14:08 Access: {"user_id":"unauthorized","locate":"CakeError#app","get":{"plugin":null,"controller":"js","action":"app","named":[],"pass":["users","visitor_login.js"]},"post":[]}
2015-10-01 10:14:08 Access: {"user_id":"unauthorized","locate":"CakeError#","get":{"plugin":null,"controller":null,"action":null,"named":[],"pass":[]},"post":[]}
2015-10-01 10:14:08 Access: {"user_id":"unauthorized","locate":"Users#visitor_login","get":{"plugin":null,"controller":"Users","action":"visitor_login","named":[],"pass":[],"prefix":"visitor"},"post":[]}
2015-10-01 10:14:53 Access: {"user_id":"unauthorized","locate":"Users#visitor_login","get":{"plugin":null,"controller":"Users","action":"visitor_login","named":[],"pass":[],"prefix":"visitor"},"post":[]}
2015-10-01 10:14:53 Access: {"user_id":"unauthorized","locate":"CakeError#app","get":{"plugin":null,"controller":"js","action":"app","named":[],"pass":["users","visitor_login.js"]},"post":[]}
2015-10-01 10:14:53 Access: {"user_id":"unauthorized","locate":"CakeError#","get":{"plugin":null,"controller":null,"action":null,"named":[],"pass":[]},"post":[]}
2015-10-01 10:14:53 Access: {"user_id":"unauthorized","locate":"Users#visitor_login","get":{"plugin":null,"controller":"Users","action":"visitor_login","named":[],"pass":[],"prefix":"visitor"},"post":[]}
2015-10-01 10:14:58 Access: {"user_id":"unauthorized","locate":"Users#visitor_help","get":{"plugin":null,"controller":"users","action":"visitor_help","named":[],"pass":[],"prefix":"visitor","visitor":true},"post":[]}
2015-10-01 10:14:58 Access: {"user_id":"unauthorized","locate":"CakeError#app","get":{"plugin":null,"controller":"js","action":"app","named":[],"pass":["users","visitor_help.js"]},"post":[]}
2015-10-01 10:14:58 Access: {"user_id":"unauthorized","locate":"CakeError#","get":{"plugin":null,"controller":null,"action":null,"named":[],"pass":[]},"post":[]}
2015-10-01 10:14:58 Access: {"user_id":"unauthorized","locate":"Users#visitor_login","get":{"plugin":null,"controller":"Users","action":"visitor_login","named":[],"pass":[],"prefix":"visitor"},"post":[]}
2015-10-01 10:16:22 Access: {"user_id":"unauthorized","locate":"Users#visitor_login","get":{"plugin":null,"controller":"Users","action":"visitor_login","named":[],"pass":[],"prefix":"visitor"},"post":{"User":{"email":"lucian@liv.com","password":"exomp"}}}
2015-10-01 10:16:22 Access: {"user_id":7,"locate":"Overview#admin_index","get":{"plugin":null,"controller":"Overview","action":"admin_index","named":[],"pass":[],"prefix":"admin"},"post":[]}
2015-10-01 10:16:22 Access: {"user_id":7,"locate":"CakeError#admin_news","get":{"plugin":null,"controller":"messages","action":"admin_news","named":[],"pass":[],"prefix":"admin","admin":true,"autoRender":0,"return":1,"bare":1,"requested":1},"post":[]}
2015-10-01 10:16:51 Access: {"user_id":7,"locate":"Overview#admin_index","get":{"plugin":null,"controller":"Overview","action":"admin_index","named":[],"pass":[],"prefix":"admin"},"post":[]}
2015-10-01 10:16:51 Access: {"user_id":7,"locate":"CakeError#admin_news","get":{"plugin":null,"controller":"messages","action":"admin_news","named":[],"pass":[],"prefix":"admin","admin":true,"autoRender":0,"return":1,"bare":1,"requested":1},"post":[]}
2015-10-01 10:17:19 Access: {"user_id":7,"locate":"Overview#admin_index","get":{"plugin":null,"controller":"Overview","action":"admin_index","named":[],"pass":[],"prefix":"admin"},"post":[]}
2015-10-01 10:19:26 Access: {"user_id":7,"locate":"Overview#admin_index","get":{"plugin":null,"controller":"Overview","action":"admin_index","named":[],"pass":[],"prefix":"admin"},"post":[]}
2015-10-01 10:20:32 Access: {"user_id":7,"locate":"Overview#admin_index","get":{"plugin":null,"controller":"Overview","action":"admin_index","named":[],"pass":[],"prefix":"admin"},"post":[]}
2015-10-01 10:20:32 Access: {"user_id":7,"locate":"CakeError#app","get":{"plugin":null,"controller":"js","action":"app","named":[],"pass":["overview","admin_index.js"]},"post":[]}
2015-10-01 10:20:33 Access: {"user_id":7,"locate":"CakeError#","get":{"plugin":null,"controller":null,"action":null,"named":[],"pass":[]},"post":[]}
2015-10-01 10:20:33 Access: {"user_id":7,"locate":"Overview#admin_index","get":{"plugin":null,"controller":"Overview","action":"admin_index","named":[],"pass":[],"prefix":"admin"},"post":[]}
2015-10-01 10:21:30 Access: {"user_id":7,"locate":"Overview#admin_index","get":{"plugin":null,"controller":"Overview","action":"admin_index","named":[],"pass":[],"prefix":"admin"},"post":[]}
2015-10-01 10:21:30 Access: {"user_id":7,"locate":"CakeError#app","get":{"plugin":null,"controller":"js","action":"app","named":[],"pass":["overview","admin_index.js"]},"post":[]}
2015-10-01 10:21:30 Access: {"user_id":7,"locate":"CakeError#","get":{"plugin":null,"controller":null,"action":null,"named":[],"pass":[]},"post":[]}
2015-10-01 10:21:30 Access: {"user_id":7,"locate":"Overview#admin_index","get":{"plugin":null,"controller":"Overview","action":"admin_index","named":[],"pass":[],"prefix":"admin"},"post":[]}
2015-10-01 10:21:51 Access: {"user_id":7,"locate":"Overview#admin_index","get":{"plugin":null,"controller":"Overview","action":"admin_index","named":[],"pass":[],"prefix":"admin"},"post":[]}
2015-10-01 10:21:51 Access: {"user_id":7,"locate":"CakeError#app","get":{"plugin":null,"controller":"js","action":"app","named":[],"pass":["overview","admin_index.js"]},"post":[]}
2015-10-01 10:21:51 Access: {"user_id":7,"locate":"CakeError#","get":{"plugin":null,"controller":null,"action":null,"named":[],"pass":[]},"post":[]}
2015-10-01 10:21:52 Access: {"user_id":7,"locate":"Overview#admin_index","get":{"plugin":null,"controller":"Overview","action":"admin_index","named":[],"pass":[],"prefix":"admin"},"post":[]}
2015-10-01 10:27:40 Access: {"user_id":7,"locate":"Overview#admin_index","get":{"plugin":null,"controller":"Overview","action":"admin_index","named":[],"pass":[],"prefix":"admin"},"post":[]}
2015-10-01 10:27:40 Access: {"user_id":7,"locate":"CakeError#app","get":{"plugin":null,"controller":"js","action":"app","named":[],"pass":["overview","admin_index.js"]},"post":[]}
2015-10-01 10:27:40 Access: {"user_id":7,"locate":"CakeError#","get":{"plugin":null,"controller":null,"action":null,"named":[],"pass":[]},"post":[]}
2015-10-01 10:27:40 Access: {"user_id":7,"locate":"Overview#admin_index","get":{"plugin":null,"controller":"Overview","action":"admin_index","named":[],"pass":[],"prefix":"admin"},"post":[]}
2015-10-01 10:27:59 Access: {"user_id":7,"locate":"Overview#admin_index","get":{"plugin":null,"controller":"Overview","action":"admin_index","named":[],"pass":[],"prefix":"admin"},"post":[]}
2015-10-01 10:27:59 Access: {"user_id":7,"locate":"CakeError#app","get":{"plugin":null,"controller":"js","action":"app","named":[],"pass":["overview","admin_index.js"]},"post":[]}
2015-10-01 10:27:59 Access: {"user_id":7,"locate":"CakeError#","get":{"plugin":null,"controller":null,"action":null,"named":[],"pass":[]},"post":[]}
2015-10-01 10:27:59 Access: {"user_id":7,"locate":"Overview#admin_index","get":{"plugin":null,"controller":"Overview","action":"admin_index","named":[],"pass":[],"prefix":"admin"},"post":[]}
2015-10-01 10:28:05 Access: {"user_id":7,"locate":"Users#admin_user_edit","get":{"plugin":null,"controller":"users","action":"admin_user_edit","named":[],"pass":[],"prefix":"admin","admin":true},"post":[]}
2015-10-01 10:28:05 Access: {"user_id":7,"locate":"CakeError#app","get":{"plugin":null,"controller":"js","action":"app","named":[],"pass":["users","admin_user_edit.js"]},"post":[]}
2015-10-01 10:28:05 Access: {"user_id":7,"locate":"CakeError#","get":{"plugin":null,"controller":null,"action":null,"named":[],"pass":[]},"post":[]}
2015-10-01 10:28:05 Access: {"user_id":7,"locate":"Overview#admin_index","get":{"plugin":null,"controller":"Overview","action":"admin_index","named":[],"pass":[],"prefix":"admin"},"post":[]}
2015-10-01 10:28:47 Access: {"user_id":7,"locate":"Users#admin_user_edit","get":{"plugin":null,"controller":"users","action":"admin_user_edit","named":[],"pass":[],"prefix":"admin","admin":true},"post":[]}
2015-10-01 10:28:47 Access: {"user_id":7,"locate":"CakeError#app","get":{"plugin":null,"controller":"js","action":"app","named":[],"pass":["users","admin_user_edit.js"]},"post":[]}
2015-10-01 10:28:47 Access: {"user_id":7,"locate":"CakeError#","get":{"plugin":null,"controller":null,"action":null,"named":[],"pass":[]},"post":[]}
2015-10-01 10:28:47 Access: {"user_id":7,"locate":"Overview#admin_index","get":{"plugin":null,"controller":"Overview","action":"admin_index","named":[],"pass":[],"prefix":"admin"},"post":[]}
2015-10-01 10:28:54 Access: {"user_id":7,"locate":"Users#admin_user_edit","get":{"plugin":null,"controller":"users","action":"admin_user_edit","named":[],"pass":[],"prefix":"admin","admin":true},"post":[]}
2015-10-01 10:28:55 Access: {"user_id":7,"locate":"CakeError#app","get":{"plugin":null,"controller":"js","action":"app","named":[],"pass":["users","admin_user_edit.js"]},"post":[]}
2015-10-01 10:28:55 Access: {"user_id":7,"locate":"CakeError#","get":{"plugin":null,"controller":null,"action":null,"named":[],"pass":[]},"post":[]}
2015-10-01 10:28:55 Access: {"user_id":7,"locate":"Overview#admin_index","get":{"plugin":null,"controller":"Overview","action":"admin_index","named":[],"pass":[],"prefix":"admin"},"post":[]}
2015-10-01 10:28:57 Access: {"user_id":7,"locate":"Overview#admin_index","get":{"plugin":null,"controller":"Overview","action":"admin_index","named":[],"pass":[],"prefix":"admin"},"post":[]}
2015-10-01 10:28:57 Access: {"user_id":7,"locate":"CakeError#app","get":{"plugin":null,"controller":"js","action":"app","named":[],"pass":["overview","admin_index.js"]},"post":[]}
2015-10-01 10:28:57 Access: {"user_id":7,"locate":"CakeError#","get":{"plugin":null,"controller":null,"action":null,"named":[],"pass":[]},"post":[]}
2015-10-01 10:28:57 Access: {"user_id":7,"locate":"Overview#admin_index","get":{"plugin":null,"controller":"Overview","action":"admin_index","named":[],"pass":[],"prefix":"admin"},"post":[]}
2015-10-01 10:49:43 Access: {"user_id":7,"locate":"Users#admin_user_edit","get":{"plugin":null,"controller":"users","action":"admin_user_edit","named":[],"pass":[],"prefix":"admin","admin":true},"post":[]}
2015-10-01 10:49:43 Access: {"user_id":7,"locate":"CakeError#app","get":{"plugin":null,"controller":"js","action":"app","named":[],"pass":["users","admin_user_edit.js"]},"post":[]}
2015-10-01 10:49:43 Access: {"user_id":7,"locate":"CakeError#","get":{"plugin":null,"controller":null,"action":null,"named":[],"pass":[]},"post":[]}
2015-10-01 10:49:43 Access: {"user_id":7,"locate":"Overview#admin_index","get":{"plugin":null,"controller":"Overview","action":"admin_index","named":[],"pass":[],"prefix":"admin"},"post":[]}
2015-10-01 10:49:52 Access: {"user_id":7,"locate":"Users#admin_user_edit","get":{"plugin":null,"controller":"users","action":"admin_user_edit","named":[],"pass":[],"prefix":"admin","admin":true},"post":{"User":{"id":"7","birthday":"12\/05\/1994","password":"wcpbv","password_confirm":"wcpbv"}}}
2015-10-01 10:49:53 Access: {"user_id":7,"locate":"Overview#admin_index","get":{"plugin":null,"controller":"Overview","action":"admin_index","named":[],"pass":[],"prefix":"admin"},"post":[]}
2015-10-01 10:49:53 Access: {"user_id":7,"locate":"CakeError#app","get":{"plugin":null,"controller":"js","action":"app","named":[],"pass":["overview","admin_index.js"]},"post":[]}
2015-10-01 10:49:53 Access: {"user_id":7,"locate":"CakeError#","get":{"plugin":null,"controller":null,"action":null,"named":[],"pass":[]},"post":[]}
2015-10-01 10:49:53 Access: {"user_id":7,"locate":"Overview#admin_index","get":{"plugin":null,"controller":"Overview","action":"admin_index","named":[],"pass":[],"prefix":"admin"},"post":[]}
2015-10-01 11:00:41 Access: {"user_id":7,"locate":"Overview#admin_index","get":{"plugin":null,"controller":"Overview","action":"admin_index","named":[],"pass":[],"prefix":"admin"},"post":[]}
2015-10-01 11:00:41 Access: {"user_id":7,"locate":"CakeError#admin_index","get":{"plugin":null,"controller":"Overview","action":"admin_index","named":[],"pass":[],"prefix":"admin","isAjax":false},"post":[]}
2015-10-01 11:00:41 Access: {"user_id":7,"locate":"CakeError#app","get":{"plugin":null,"controller":"js","action":"app","named":[],"pass":["cakeerror","admin_index.js"]},"post":[]}
2015-10-01 11:00:41 Access: {"user_id":7,"locate":"CakeError#","get":{"plugin":null,"controller":null,"action":null,"named":[],"pass":[]},"post":[]}
2015-10-01 11:00:41 Access: {"user_id":7,"locate":"Overview#admin_index","get":{"plugin":null,"controller":"Overview","action":"admin_index","named":[],"pass":[],"prefix":"admin"},"post":[]}
2015-10-01 11:00:41 Access: {"user_id":7,"locate":"CakeError#admin_index","get":{"plugin":null,"controller":"Overview","action":"admin_index","named":[],"pass":[],"prefix":"admin","isAjax":false},"post":[]}
2015-10-01 11:11:49 Access: {"user_id":7,"locate":"Overview#admin_index","get":{"plugin":null,"controller":"Overview","action":"admin_index","named":[],"pass":[],"prefix":"admin"},"post":[]}
2015-10-01 11:11:50 Access: {"user_id":7,"locate":"CakeError#app","get":{"plugin":null,"controller":"js","action":"app","named":[],"pass":["overview","admin_index.js"]},"post":[]}
2015-10-01 11:11:50 Access: {"user_id":7,"locate":"CakeError#","get":{"plugin":null,"controller":null,"action":null,"named":[],"pass":[]},"post":[]}
2015-10-01 11:11:50 Access: {"user_id":7,"locate":"Overview#admin_index","get":{"plugin":null,"controller":"Overview","action":"admin_index","named":[],"pass":[],"prefix":"admin"},"post":[]}
2015-10-01 11:11:54 Access: {"user_id":7,"locate":"Users#admin_logout","get":{"plugin":null,"controller":"users","action":"admin_logout","named":[],"pass":[],"prefix":"admin","admin":true},"post":[]}
2015-10-01 11:11:54 Access: {"user_id":"unauthorized","locate":"CakeError#admin_logout","get":{"plugin":null,"controller":"users","action":"admin_logout","named":[],"pass":[],"prefix":"admin","admin":true,"isAjax":false},"post":[]}
2015-10-01 11:11:54 Access: {"user_id":"unauthorized","locate":"CakeError#","get":{"plugin":null,"controller":null,"action":null,"named":[],"pass":[]},"post":[]}
2015-10-01 11:11:54 Access: {"user_id":"unauthorized","locate":"Users#visitor_login","get":{"plugin":null,"controller":"Users","action":"visitor_login","named":[],"pass":[],"prefix":"visitor"},"post":[]}
2015-10-01 11:11:55 Access: {"user_id":"unauthorized","locate":"CakeError#app","get":{"plugin":null,"controller":"js","action":"app","named":[],"pass":["users","visitor_login.js"]},"post":[]}
2015-10-01 11:11:55 Access: {"user_id":"unauthorized","locate":"CakeError#","get":{"plugin":null,"controller":null,"action":null,"named":[],"pass":[]},"post":[]}
2015-10-01 11:11:55 Access: {"user_id":"unauthorized","locate":"Users#visitor_login","get":{"plugin":null,"controller":"Users","action":"visitor_login","named":[],"pass":[],"prefix":"visitor"},"post":[]}
2015-10-01 11:12:04 Access: {"user_id":"unauthorized","locate":"Users#visitor_login","get":{"plugin":null,"controller":"Users","action":"visitor_login","named":[],"pass":[],"prefix":"visitor"},"post":{"User":{"email":"lucian@liv.com","password":"123"}}}
2015-10-01 11:12:04 Access: {"user_id":"unauthorized","locate":"CakeError#app","get":{"plugin":null,"controller":"js","action":"app","named":[],"pass":["users","visitor_login.js"]},"post":[]}
2015-10-01 11:12:04 Access: {"user_id":"unauthorized","locate":"CakeError#","get":{"plugin":null,"controller":null,"action":null,"named":[],"pass":[]},"post":[]}
2015-10-01 11:12:04 Access: {"user_id":"unauthorized","locate":"Users#visitor_login","get":{"plugin":null,"controller":"Users","action":"visitor_login","named":[],"pass":[],"prefix":"visitor"},"post":[]}
2015-10-01 11:13:09 Access: {"user_id":"unauthorized","locate":"Users#visitor_login","get":{"plugin":null,"controller":"Users","action":"visitor_login","named":[],"pass":[],"prefix":"visitor"},"post":[]}
2015-10-01 11:13:15 Access: {"user_id":"unauthorized","locate":"Users#visitor_login","get":{"plugin":null,"controller":"Users","action":"visitor_login","named":[],"pass":[],"prefix":"visitor"},"post":[]}
2015-10-01 11:13:15 Access: {"user_id":"unauthorized","locate":"CakeError#app","get":{"plugin":null,"controller":"js","action":"app","named":[],"pass":["users","visitor_login.js"]},"post":[]}
2015-10-01 11:13:15 Access: {"user_id":"unauthorized","locate":"CakeError#","get":{"plugin":null,"controller":null,"action":null,"named":[],"pass":[]},"post":[]}
2015-10-01 11:13:15 Access: {"user_id":"unauthorized","locate":"Users#visitor_login","get":{"plugin":null,"controller":"Users","action":"visitor_login","named":[],"pass":[],"prefix":"visitor"},"post":[]}
2015-10-01 11:13:23 Access: {"user_id":"unauthorized","locate":"Users#visitor_login","get":{"plugin":null,"controller":"Users","action":"visitor_login","named":[],"pass":[],"prefix":"visitor"},"post":{"User":{"email":"root@email.com","password":"root"}}}
2015-10-01 11:13:23 Access: {"user_id":"unauthorized","locate":"Overview#admin_index","get":{"plugin":null,"controller":"Overview","action":"admin_index","named":[],"pass":[],"prefix":"admin"},"post":[]}
2015-10-01 11:13:23 Access: {"user_id":"unauthorized","locate":"CakeError#app","get":{"plugin":null,"controller":"js","action":"app","named":[],"pass":["overview","admin_index.js"]},"post":[]}
2015-10-01 11:13:23 Access: {"user_id":"unauthorized","locate":"CakeError#","get":{"plugin":null,"controller":null,"action":null,"named":[],"pass":[]},"post":[]}
2015-10-01 11:13:23 Access: {"user_id":"unauthorized","locate":"Overview#admin_index","get":{"plugin":null,"controller":"Overview","action":"admin_index","named":[],"pass":[],"prefix":"admin"},"post":[]}
2015-10-01 11:13:36 Access: {"user_id":"unauthorized","locate":"Users#admin_logout","get":{"plugin":null,"controller":"users","action":"admin_logout","named":[],"pass":[],"prefix":"admin","admin":true},"post":[]}
2015-10-01 11:13:36 Access: {"user_id":"unauthorized","locate":"CakeError#admin_logout","get":{"plugin":null,"controller":"users","action":"admin_logout","named":[],"pass":[],"prefix":"admin","admin":true,"isAjax":false},"post":[]}
2015-10-01 11:13:36 Access: {"user_id":"unauthorized","locate":"CakeError#","get":{"plugin":null,"controller":null,"action":null,"named":[],"pass":[]},"post":[]}
2015-10-01 11:13:36 Access: {"user_id":"unauthorized","locate":"Users#visitor_login","get":{"plugin":null,"controller":"Users","action":"visitor_login","named":[],"pass":[],"prefix":"visitor"},"post":[]}
2015-10-01 11:13:36 Access: {"user_id":"unauthorized","locate":"CakeError#app","get":{"plugin":null,"controller":"js","action":"app","named":[],"pass":["users","visitor_login.js"]},"post":[]}
2015-10-01 11:13:36 Access: {"user_id":"unauthorized","locate":"CakeError#","get":{"plugin":null,"controller":null,"action":null,"named":[],"pass":[]},"post":[]}
2015-10-01 11:13:36 Access: {"user_id":"unauthorized","locate":"Users#visitor_login","get":{"plugin":null,"controller":"Users","action":"visitor_login","named":[],"pass":[],"prefix":"visitor"},"post":[]}
2015-10-01 11:13:39 Access: {"user_id":"unauthorized","locate":"Users#visitor_help","get":{"plugin":null,"controller":"users","action":"visitor_help","named":[],"pass":[],"prefix":"visitor","visitor":true},"post":[]}
2015-10-01 11:13:39 Access: {"user_id":"unauthorized","locate":"CakeError#app","get":{"plugin":null,"controller":"js","action":"app","named":[],"pass":["users","visitor_help.js"]},"post":[]}
2015-10-01 11:13:39 Access: {"user_id":"unauthorized","locate":"CakeError#","get":{"plugin":null,"controller":null,"action":null,"named":[],"pass":[]},"post":[]}
2015-10-01 11:13:39 Access: {"user_id":"unauthorized","locate":"Users#visitor_login","get":{"plugin":null,"controller":"Users","action":"visitor_login","named":[],"pass":[],"prefix":"visitor"},"post":[]}
2015-10-01 11:13:41 Access: {"user_id":"unauthorized","locate":"Users#visitor_password_forgot","get":{"plugin":null,"controller":"users","action":"visitor_password_forgot","named":[],"pass":[],"prefix":"visitor","visitor":true},"post":[]}
2015-10-01 11:13:41 Access: {"user_id":"unauthorized","locate":"CakeError#app","get":{"plugin":null,"controller":"js","action":"app","named":[],"pass":["users","visitor_password_forgot.js"]},"post":[]}
2015-10-01 11:13:41 Access: {"user_id":"unauthorized","locate":"CakeError#","get":{"plugin":null,"controller":null,"action":null,"named":[],"pass":[]},"post":[]}
2015-10-01 11:13:41 Access: {"user_id":"unauthorized","locate":"Users#visitor_login","get":{"plugin":null,"controller":"Users","action":"visitor_login","named":[],"pass":[],"prefix":"visitor"},"post":[]}
2015-10-01 11:13:45 Access: {"user_id":"unauthorized","locate":"Users#visitor_password_forgot","get":{"plugin":null,"controller":"users","action":"visitor_password_forgot","named":[],"pass":[],"prefix":"visitor","visitor":true},"post":{"User":{"email":"root@email.com"}}}
2015-10-01 11:13:45 Access: {"user_id":"unauthorized","locate":"CakeError#visitor_password_forgot","get":{"plugin":null,"controller":"users","action":"visitor_password_forgot","named":[],"pass":[],"prefix":"visitor","visitor":true,"isAjax":false},"post":{"User":{"email":"root@email.com"}}}
2015-10-01 11:13:45 Access: {"user_id":"unauthorized","locate":"CakeError#app","get":{"plugin":null,"controller":"js","action":"app","named":[],"pass":["cakeerror","visitor_password_forgot.js"]},"post":[]}
2015-10-01 11:13:45 Access: {"user_id":"unauthorized","locate":"CakeError#","get":{"plugin":null,"controller":null,"action":null,"named":[],"pass":[]},"post":[]}
2015-10-01 11:13:45 Access: {"user_id":"unauthorized","locate":"Users#visitor_login","get":{"plugin":null,"controller":"Users","action":"visitor_login","named":[],"pass":[],"prefix":"visitor"},"post":[]}
2015-10-01 11:15:50 Access: {"user_id":"unauthorized","locate":"Users#visitor_login","get":{"plugin":null,"controller":"Users","action":"visitor_login","named":[],"pass":[],"prefix":"visitor"},"post":[]}
2015-10-01 11:15:50 Access: {"user_id":"unauthorized","locate":"CakeError#app","get":{"plugin":null,"controller":"js","action":"app","named":[],"pass":["users","visitor_login.js"]},"post":[]}
2015-10-01 11:15:51 Access: {"user_id":"unauthorized","locate":"CakeError#","get":{"plugin":null,"controller":null,"action":null,"named":[],"pass":[]},"post":[]}
2015-10-01 11:15:51 Access: {"user_id":"unauthorized","locate":"Users#visitor_login","get":{"plugin":null,"controller":"Users","action":"visitor_login","named":[],"pass":[],"prefix":"visitor"},"post":[]}
2015-10-01 11:15:52 Access: {"user_id":"unauthorized","locate":"Users#visitor_help","get":{"plugin":null,"controller":"users","action":"visitor_help","named":[],"pass":[],"prefix":"visitor","visitor":true},"post":[]}
2015-10-01 11:15:52 Access: {"user_id":"unauthorized","locate":"CakeError#app","get":{"plugin":null,"controller":"js","action":"app","named":[],"pass":["users","visitor_help.js"]},"post":[]}
2015-10-01 11:15:52 Access: {"user_id":"unauthorized","locate":"CakeError#","get":{"plugin":null,"controller":null,"action":null,"named":[],"pass":[]},"post":[]}
2015-10-01 11:15:52 Access: {"user_id":"unauthorized","locate":"Users#visitor_login","get":{"plugin":null,"controller":"Users","action":"visitor_login","named":[],"pass":[],"prefix":"visitor"},"post":[]}
2015-10-01 11:15:55 Access: {"user_id":"unauthorized","locate":"Users#visitor_resend_email_confirmation","get":{"plugin":null,"controller":"users","action":"visitor_resend_email_confirmation","named":[],"pass":[],"prefix":"visitor","visitor":true},"post":[]}
2015-10-01 11:15:56 Access: {"user_id":"unauthorized","locate":"CakeError#app","get":{"plugin":null,"controller":"js","action":"app","named":[],"pass":["users","visitor_resend_email_confirmation.js"]},"post":[]}
2015-10-01 11:15:56 Access: {"user_id":"unauthorized","locate":"CakeError#","get":{"plugin":null,"controller":null,"action":null,"named":[],"pass":[]},"post":[]}
2015-10-01 11:15:56 Access: {"user_id":"unauthorized","locate":"Users#visitor_login","get":{"plugin":null,"controller":"Users","action":"visitor_login","named":[],"pass":[],"prefix":"visitor"},"post":[]}
2015-10-01 11:15:58 Access: {"user_id":"unauthorized","locate":"Users#visitor_login","get":{"plugin":null,"controller":"Users","action":"visitor_login","named":[],"pass":[],"prefix":"visitor"},"post":[]}
2015-10-01 11:15:58 Access: {"user_id":"unauthorized","locate":"CakeError#app","get":{"plugin":null,"controller":"js","action":"app","named":[],"pass":["users","visitor_login.js"]},"post":[]}
2015-10-01 11:15:59 Access: {"user_id":"unauthorized","locate":"CakeError#","get":{"plugin":null,"controller":null,"action":null,"named":[],"pass":[]},"post":[]}
2015-10-01 11:15:59 Access: {"user_id":"unauthorized","locate":"Users#visitor_login","get":{"plugin":null,"controller":"Users","action":"visitor_login","named":[],"pass":[],"prefix":"visitor"},"post":[]}
2015-10-01 11:16:00 Access: {"user_id":"unauthorized","locate":"Users#visitor_help","get":{"plugin":null,"controller":"users","action":"visitor_help","named":[],"pass":[],"prefix":"visitor","visitor":true},"post":[]}
2015-10-01 11:16:00 Access: {"user_id":"unauthorized","locate":"CakeError#app","get":{"plugin":null,"controller":"js","action":"app","named":[],"pass":["users","visitor_help.js"]},"post":[]}
2015-10-01 11:16:00 Access: {"user_id":"unauthorized","locate":"CakeError#","get":{"plugin":null,"controller":null,"action":null,"named":[],"pass":[]},"post":[]}
2015-10-01 11:16:00 Access: {"user_id":"unauthorized","locate":"Users#visitor_login","get":{"plugin":null,"controller":"Users","action":"visitor_login","named":[],"pass":[],"prefix":"visitor"},"post":[]}
2015-10-01 11:16:03 Access: {"user_id":"unauthorized","locate":"Users#visitor_other_problem","get":{"plugin":null,"controller":"users","action":"visitor_other_problem","named":[],"pass":[],"prefix":"visitor","visitor":true},"post":[]}
2015-10-01 11:16:03 Access: {"user_id":"unauthorized","locate":"CakeError#app","get":{"plugin":null,"controller":"js","action":"app","named":[],"pass":["users","visitor_other_problem.js"]},"post":[]}
2015-10-01 11:16:03 Access: {"user_id":"unauthorized","locate":"CakeError#","get":{"plugin":null,"controller":null,"action":null,"named":[],"pass":[]},"post":[]}
2015-10-01 11:16:03 Access: {"user_id":"unauthorized","locate":"Users#visitor_login","get":{"plugin":null,"controller":"Users","action":"visitor_login","named":[],"pass":[],"prefix":"visitor"},"post":[]}
2015-10-01 11:16:11 Access: {"user_id":"unauthorized","locate":"Users#visitor_other_problem","get":{"plugin":null,"controller":"users","action":"visitor_other_problem","named":[],"pass":[],"prefix":"visitor","visitor":true},"post":{"Email":{"name":"qwe","email":"qwe@qwe.com","description":"qweqweqwe\r\n"}}}
2015-10-01 11:16:16 Access: {"user_id":"unauthorized","locate":"CakeError#","get":{"plugin":null,"controller":null,"action":null,"named":[],"pass":[]},"post":[]}
2015-10-01 11:16:16 Access: {"user_id":"unauthorized","locate":"Users#visitor_login","get":{"plugin":null,"controller":"Users","action":"visitor_login","named":[],"pass":[],"prefix":"visitor"},"post":[]}
2015-10-01 11:16:16 Access: {"user_id":"unauthorized","locate":"CakeError#app","get":{"plugin":null,"controller":"js","action":"app","named":[],"pass":["users","visitor_login.js"]},"post":[]}
2015-10-01 11:16:16 Access: {"user_id":"unauthorized","locate":"CakeError#","get":{"plugin":null,"controller":null,"action":null,"named":[],"pass":[]},"post":[]}
2015-10-01 11:16:16 Access: {"user_id":"unauthorized","locate":"Users#visitor_login","get":{"plugin":null,"controller":"Users","action":"visitor_login","named":[],"pass":[],"prefix":"visitor"},"post":[]}
